0 1 4 5
1 6 9 10
2 11 15 16
3 17 20 21
4 22 26 27
5 28 31 32

Register usage:
Reg   0:         0
Reg   1:         0
Reg   2:       215
Reg   3:         0
Reg   4:         0
Reg   5:         0
Reg   6:       213
Reg   7:         0
Reg   8:        -2
Reg   9:         0
Reg  10:         0
Reg  11:         0
Reg  12:         0
Reg  13:         0
Reg  14:         0
Reg  15:         0
Reg  16:         0
Reg  17:         0
Reg  18:         0
Reg  19:         0
Reg  20:         0
Reg  21:         0
Reg  22:         0
Reg  23:         0
Reg  24:         0
Reg  25:         0
Reg  26:         0
Reg  27:         0
Reg  28:         0
Reg  29:         0
Reg  30:         0
Reg  31:         0
