0 1 4 5
1 6 9 10
2 11 14 15
3 16 19 20
4 21 24 25
5 26 29 30
6 31 34 35
7 36 39 40
8 41 44 45
9 46 49 50
10 51 54 55
11 56 59 60
12 61 64 65
13 66 69 70
14 71 74 75
15 76 79 80
16 81 84 85
17 86 89 90
18 91 94 95
19 96 99 100
20 101 104 105
21 106 109 110
22 111 114 115
23 116 119 120
24 121 124 125
25 126 129 130
26 131 134 135
27 136 139 140
28 141 144 145
29 146 149 150
30 151 154 155
31 156 159 160
32 161 164 165
33 166 169 170

Register usage:
Reg   0:         0
Reg   1:         1
Reg   2:         1
Reg   3:         0
Reg   4:         0
Reg   5:         0
Reg   6:         0
Reg   7:         0
Reg   8:         0
Reg   9:         0
Reg  10:         0
Reg  11:         0
Reg  12:         0
Reg  13:         0
Reg  14:         0
Reg  15:         0
Reg  16:         0
Reg  17:         0
Reg  18:         0
Reg  19:         0
Reg  20:         0
Reg  21:         0
Reg  22:         0
Reg  23:         0
Reg  24:         0
Reg  25:         0
Reg  26:         0
Reg  27:         0
Reg  28:         0
Reg  29:         0
Reg  30:         0
Reg  31:         0
