0 1 4 5
1 6 9 10
2 11 14 15
3 16 19 20
4 21 25 26
5 27 31 32
6 33 36 37
7 38 41 42
8 43 47 48
9 49 53 54
10 55 58 59
11 60 63 64
12 65 69 70
13 71 75 76
14 77 80 81
15 82 85 86
16 87 91 92
17 93 97 98
18 99 102 103
19 104 107 108
20 109 113 114
21 115 119 120
22 121 124 125
23 126 129 130
24 131 135 136
25 137 141 142
26 143 146 147

Register usage:
Reg   0:         0
Reg   1:         3
Reg   2:1431655765
Reg   3:        -1
Reg   4:1431655762
Reg   5:         0
Reg   6:         0
Reg   7:         0
Reg   8:         0
Reg   9:         0
Reg  10:         0
Reg  11:         0
Reg  12:         0
Reg  13:         0
Reg  14:         0
Reg  15:         0
Reg  16:         0
Reg  17:         0
Reg  18:         0
Reg  19:         0
Reg  20:         0
Reg  21:         0
Reg  22:         0
Reg  23:         0
Reg  24:         0
Reg  25:         0
Reg  26:         0
Reg  27:         0
Reg  28:         0
Reg  29:         0
Reg  30:         0
Reg  31:         0
