0 1 4 5
1 6 9 10
2 11 14 15
3 16 19 20
4 21 24 25
5 26 30 31
6 32 36 37
7 38 41 42
8 43 46 47
9 48 51 52
10 53 56 57
11 58 61 62
12 63 67 68
13 69 73 74
14 75 78 79
15 80 83 84
16 85 88 89
17 90 93 94
18 95 98 99
19 100 103 104
20 105 108 109
21 110 114 115
22 116 120 121
23 122 125 126
24 127 130 131
25 132 135 136
26 137 140 141
27 142 145 146

Register usage:
Reg   0:         0
Reg   1:         9
Reg   2:    -49993
Reg   3:        -6
Reg   4:        36
Reg   5:     50065
Reg   6:         0
Reg   7:         0
Reg   8:         0
Reg   9:         0
Reg  10:         0
Reg  11:         0
Reg  12:         0
Reg  13:         0
Reg  14:         0
Reg  15:         0
Reg  16:         0
Reg  17:         0
Reg  18:         1
Reg  19:         0
Reg  20:         0
Reg  21:         0
Reg  22:         0
Reg  23:         0
Reg  24:         0
Reg  25:         0
Reg  26:         0
Reg  27:         0
Reg  28:         0
Reg  29:         0
Reg  30:         0
Reg  31:         0
