0 1 4 5
1 6 9 10
2 11 14 15
3 16 19 20
4 21 24 25
5 26 29 30
6 31 35 36
7 37 41 42
8 43 47 48
9 49 53 54
10 55 59 60
11 61 65 66
12 67 71 72
13 73 77 78
14 79 82 83
15 84 87 88
16 89 93 94
17 95 96 97
18 98 102 103
19 104 108 109
20 110 114 115
21 116 117 118
22 119 123 124
23 125 129 130

Register usage:
Reg   0:        -1
Reg   1:         0
Reg   2:         0
Reg   3:         0
Reg   4:         1
Reg   5:         0
Reg   6:         0
Reg   7:         0
Reg   8:         0
Reg   9:         0
Reg  10:         0
Reg  11:         0
Reg  12:         0
Reg  13:         0
Reg  14:         0
Reg  15:         0
Reg  16:         0
Reg  17:         0
Reg  18:         0
Reg  19:         0
Reg  20:         0
Reg  21:         0
Reg  22:         0
Reg  23:         0
Reg  24:         0
Reg  25:         0
Reg  26:         0
Reg  27:         0
Reg  28:         0
Reg  29:         0
Reg  30:         0
Reg  31:         0
