0 1 4 5
1 6 9 10
2 11 14 15
3 16 19 20
4 21 24 25
5 26 29 30
6 31 34 35
7 36 39 40
8 41 44 45
9 46 49 50
10 51 54 55
11 56 57 58
12 59 60 61
13 75 78 79

Register usage:
Reg   0:         0
Reg   1:         1
Reg   2:        13
Reg   3:        21
Reg   4:        54
Reg   5:         0
Reg   6:         0
Reg   7:         0
Reg   8:         0
Reg   9:         0
Reg  10:         0
Reg  11:         0
Reg  12:         0
Reg  13:         0
Reg  14:         0
Reg  15:         0
Reg  16:         0
Reg  17:         0
Reg  18:         0
Reg  19:         0
Reg  20:         0
Reg  21:         0
Reg  22:         0
Reg  23:         0
Reg  24:         0
Reg  25:         0
Reg  26:         0
Reg  27:         0
Reg  28:         0
Reg  29:         0
Reg  30:         0
Reg  31:         0
