0 1 4 5
1 6 9 10
2 11 14 15
3 16 19 20
4 21 24 25
5 26 29 30
6 31 34 35
7 36 37 38
8 39 43 44
9 45 49 50
10 51 54 55
11 56 59 60
12 61 64 65
13 66 67 68
14 70 73 74
15 75 78 79
16 80 81 82
17 110 111 112
18 83 86 87
19 88 89 90
20 91 92 93

Register usage:
Reg   0:         0
Reg   1:      1000
Reg   2:      1000
Reg   3:         1
Reg   4:      1000
Reg   5:         0
Reg   6:         0
Reg   7:         0
Reg   8:         0
Reg   9:         0
Reg  10:         0
Reg  11:      1000
Reg  12:         0
Reg  13:         1
Reg  14:      1000
Reg  15:         0
Reg  16:         0
Reg  17:         0
Reg  18:         0
Reg  19:         0
Reg  20:         0
Reg  21:         0
Reg  22:         0
Reg  23:         0
Reg  24:         0
Reg  25:         0
Reg  26:         0
Reg  27:         0
Reg  28:         0
Reg  29:         0
Reg  30:         0
Reg  31:   2475190
