0 1 4 5
1 6 9 10
2 11 15 16
3 17 21 22
4 23 27 28
5 29 33 34
6 35 39 40
7 41 45 46
8 47 51 52
9 53 57 58
10 59 63 64
11 65 69 70
12 71 75 76
13 77 81 82
14 83 87 88
15 89 93 94
16 95 99 100
17 101 105 106
18 107 111 112
19 113 117 118
20 119 123 124
21 125 129 130
22 131 135 136
23 137 141 142
24 143 147 148
25 149 153 154
26 155 159 160
27 161 165 166
28 167 171 172
29 173 177 178
30 179 183 184
31 185 189 190
32 191 195 196
33 197 201 202
34 203 207 208
35 209 213 214
36 215 219 220
37 221 225 226
38 227 231 232
39 233 237 238
40 239 243 244
41 245 249 250
42 251 255 256
43 257 261 262
44 263 267 268
45 269 273 274
46 275 279 280
47 281 285 286
48 287 291 292
49 293 297 298
50 299 303 304
51 305 309 310
52 311 315 316
53 317 321 322
54 323 327 328
55 329 333 334
56 335 339 340
57 341 345 346
58 347 351 352
59 353 357 358
60 359 363 364
61 365 369 370
62 371 375 376
63 377 381 382
64 383 387 388
65 389 393 394
66 395 399 400
67 401 405 406
68 407 411 412
69 413 417 418
70 419 423 424
71 425 429 430
72 431 435 436
73 437 441 442
74 443 447 448
75 449 453 454
76 455 459 460
77 461 465 466
78 467 471 472
79 473 477 478
80 479 483 484
81 485 489 490
82 491 495 496
83 497 501 502
84 503 507 508
85 509 513 514
86 515 519 520
87 521 525 526
88 527 531 532
89 533 537 538
90 539 543 544
91 545 549 550
92 551 555 556
93 557 561 562
94 563 567 568
95 569 573 574
96 575 579 580
97 581 585 586
98 587 591 592
99 593 597 598
100 599 603 604
101 605 609 610
102 611 615 616
103 617 621 622
104 623 627 628
105 629 633 634
106 635 639 640
107 641 645 646
108 647 651 652
109 653 657 658
110 659 663 664
111 665 669 670
112 671 675 676
113 677 681 682
114 683 687 688
115 689 693 694
116 695 699 700
117 701 705 706
118 707 711 712
119 713 717 718
120 719 723 724
121 725 729 730
122 731 735 736
123 737 741 742
124 743 747 748
125 749 753 754
126 755 759 760
127 761 765 766
128 767 771 772
129 773 777 778
130 779 783 784
131 785 789 790
132 791 795 796
133 797 801 802
134 803 807 808
135 809 813 814
136 815 819 820
137 821 825 826
138 827 831 832
139 833 837 838
140 839 843 844
141 845 849 850
142 851 855 856
143 857 861 862
144 863 867 868
145 869 873 874
146 875 879 880
147 881 885 886
148 887 891 892
149 893 897 898
150 899 903 904
151 905 909 910
152 911 915 916
153 917 921 922
154 923 927 928
155 929 933 934
156 935 939 940
157 941 945 946
158 947 951 952
159 953 957 958
160 959 963 964
161 965 969 970
162 971 975 976
163 977 981 982
164 983 987 988
165 989 993 994
166 995 999 1000
167 1001 1005 1006
168 1007 1011 1012
169 1013 1017 1018
170 1019 1023 1024
171 1025 1029 1030
172 1031 1035 1036
173 1037 1041 1042
174 1043 1047 1048
175 1049 1053 1054
176 1055 1059 1060
177 1061 1065 1066
178 1067 1071 1072
179 1073 1077 1078
180 1079 1083 1084
181 1085 1089 1090
182 1091 1095 1096
183 1097 1101 1102
184 1103 1107 1108
185 1109 1113 1114
186 1115 1119 1120
187 1121 1125 1126
188 1127 1131 1132
189 1133 1137 1138
190 1139 1143 1144
191 1145 1149 1150
192 1151 1155 1156
193 1157 1161 1162
194 1163 1167 1168
195 1169 1173 1174
196 1175 1179 1180
197 1181 1185 1186
198 1187 1191 1192
199 1193 1197 1198
200 1199 1203 1204
201 1205 1209 1210
202 1211 1215 1216
203 1217 1221 1222
204 1223 1227 1228
205 1229 1233 1234
206 1235 1239 1240
207 1241 1245 1246
208 1247 1251 1252
209 1253 1257 1258
210 1259 1263 1264
211 1265 1269 1270
212 1271 1275 1276
213 1277 1281 1282
214 1283 1287 1288
215 1289 1293 1294
216 1295 1299 1300
217 1301 1305 1306
218 1307 1311 1312
219 1313 1317 1318
220 1319 1323 1324
221 1325 1329 1330
222 1331 1335 1336
223 1337 1341 1342
224 1343 1347 1348
225 1349 1353 1354
226 1355 1359 1360
227 1361 1365 1366
228 1367 1371 1372
229 1373 1377 1378
230 1379 1383 1384
231 1385 1389 1390
232 1391 1395 1396
233 1397 1401 1402
234 1403 1407 1408
235 1409 1413 1414
236 1415 1419 1420
237 1421 1425 1426
238 1427 1431 1432
239 1433 1437 1438
240 1439 1443 1444
241 1445 1449 1450
242 1451 1455 1456
243 1457 1461 1462
244 1463 1467 1468
245 1469 1473 1474
246 1475 1479 1480
247 1481 1485 1486
248 1487 1491 1492
249 1493 1497 1498
250 1499 1503 1504
251 1505 1509 1510
252 1511 1515 1516
253 1517 1521 1522
254 1523 1527 1528
255 1529 1533 1534
256 1535 1539 1540
257 1541 1545 1546
258 1547 1551 1552
259 1553 1557 1558
260 1559 1563 1564
261 1565 1569 1570
262 1571 1575 1576
263 1577 1581 1582
264 1583 1587 1588
265 1589 1593 1594
266 1595 1599 1600
267 1601 1605 1606
268 1607 1611 1612
269 1613 1617 1618
270 1619 1623 1624
271 1625 1629 1630
272 1631 1635 1636
273 1637 1641 1642
274 1643 1647 1648
275 1649 1653 1654
276 1655 1659 1660
277 1661 1665 1666
278 1667 1671 1672
279 1673 1677 1678
280 1679 1683 1684
281 1685 1689 1690
282 1691 1695 1696
283 1697 1701 1702
284 1703 1707 1708
285 1709 1713 1714
286 1715 1719 1720
287 1721 1725 1726
288 1727 1731 1732
289 1733 1737 1738
290 1739 1743 1744
291 1745 1749 1750
292 1751 1755 1756
293 1757 1761 1762
294 1763 1767 1768
295 1769 1773 1774
296 1775 1779 1780
297 1781 1785 1786
298 1787 1791 1792
299 1793 1797 1798
300 1799 1803 1804
301 1805 1809 1810
302 1811 1815 1816
303 1817 1821 1822
304 1823 1827 1828
305 1829 1833 1834
306 1835 1839 1840
307 1841 1845 1846
308 1847 1851 1852
309 1853 1857 1858
310 1859 1863 1864
311 1865 1869 1870
312 1871 1875 1876
313 1877 1881 1882
314 1883 1887 1888
315 1889 1893 1894
316 1895 1899 1900
317 1901 1905 1906
318 1907 1911 1912
319 1913 1917 1918
320 1919 1923 1924
321 1925 1929 1930
322 1931 1935 1936
323 1937 1941 1942
324 1943 1947 1948
325 1949 1953 1954
326 1955 1959 1960
327 1961 1965 1966
328 1967 1971 1972
329 1973 1977 1978
330 1979 1983 1984
331 1985 1989 1990
332 1991 1995 1996
333 1997 2001 2002
334 2003 2007 2008
335 2009 2013 2014
336 2015 2019 2020
337 2021 2025 2026
338 2027 2031 2032
339 2033 2037 2038
340 2039 2043 2044
341 2045 2049 2050
342 2051 2055 2056
343 2057 2061 2062
344 2063 2067 2068
345 2069 2073 2074
346 2075 2079 2080
347 2081 2085 2086
348 2087 2091 2092
349 2093 2097 2098
350 2099 2103 2104
351 2105 2109 2110
352 2111 2115 2116
353 2117 2121 2122
354 2123 2127 2128
355 2129 2133 2134
356 2135 2139 2140
357 2141 2145 2146
358 2147 2151 2152
359 2153 2157 2158
360 2159 2163 2164
361 2165 2169 2170
362 2171 2175 2176
363 2177 2181 2182
364 2183 2187 2188
365 2189 2193 2194
366 2195 2199 2200
367 2201 2205 2206
368 2207 2211 2212
369 2213 2217 2218
370 2219 2223 2224
371 2225 2229 2230
372 2231 2235 2236
373 2237 2241 2242
374 2243 2247 2248
375 2249 2253 2254
376 2255 2259 2260
377 2261 2265 2266
378 2267 2271 2272
379 2273 2277 2278
380 2279 2283 2284
381 2285 2289 2290
382 2291 2295 2296
383 2297 2301 2302
384 2303 2307 2308
385 2309 2313 2314
386 2315 2319 2320
387 2321 2325 2326
388 2327 2331 2332
389 2333 2337 2338
390 2339 2343 2344
391 2345 2349 2350
392 2351 2355 2356
393 2357 2361 2362
394 2363 2367 2368
395 2369 2373 2374
396 2375 2379 2380
397 2381 2385 2386
398 2387 2391 2392
399 2393 2397 2398
400 2399 2403 2404
401 2405 2409 2410
402 2411 2415 2416
403 2417 2421 2422
404 2423 2427 2428
405 2429 2433 2434
406 2435 2439 2440
407 2441 2445 2446
408 2447 2451 2452
409 2453 2457 2458
410 2459 2463 2464
411 2465 2469 2470
412 2471 2475 2476
413 2477 2481 2482
414 2483 2487 2488
415 2489 2493 2494
416 2495 2499 2500
417 2501 2505 2506
418 2507 2511 2512
419 2513 2517 2518
420 2519 2523 2524
421 2525 2529 2530
422 2531 2535 2536
423 2537 2541 2542
424 2543 2547 2548
425 2549 2553 2554
426 2555 2559 2560
427 2561 2565 2566
428 2567 2571 2572
429 2573 2577 2578
430 2579 2583 2584
431 2585 2589 2590
432 2591 2595 2596
433 2597 2601 2602
434 2603 2607 2608
435 2609 2613 2614
436 2615 2619 2620
437 2621 2625 2626
438 2627 2631 2632
439 2633 2637 2638
440 2639 2643 2644
441 2645 2649 2650
442 2651 2655 2656
443 2657 2661 2662
444 2663 2667 2668
445 2669 2673 2674
446 2675 2679 2680
447 2681 2685 2686
448 2687 2691 2692
449 2693 2697 2698
450 2699 2703 2704
451 2705 2709 2710
452 2711 2715 2716
453 2717 2721 2722
454 2723 2727 2728
455 2729 2733 2734
456 2735 2739 2740
457 2741 2745 2746
458 2747 2751 2752
459 2753 2757 2758
460 2759 2763 2764
461 2765 2769 2770
462 2771 2775 2776
463 2777 2781 2782
464 2783 2787 2788
465 2789 2793 2794
466 2795 2799 2800
467 2801 2805 2806
468 2807 2811 2812
469 2813 2817 2818
470 2819 2823 2824
471 2825 2829 2830
472 2831 2835 2836
473 2837 2841 2842
474 2843 2847 2848
475 2849 2853 2854
476 2855 2859 2860
477 2861 2865 2866
478 2867 2871 2872
479 2873 2877 2878
480 2879 2883 2884
481 2885 2889 2890
482 2891 2895 2896
483 2897 2901 2902
484 2903 2907 2908
485 2909 2913 2914
486 2915 2919 2920
487 2921 2925 2926
488 2927 2931 2932
489 2933 2937 2938
490 2939 2943 2944
491 2945 2949 2950
492 2951 2955 2956
493 2957 2961 2962
494 2963 2967 2968
495 2969 2973 2974
496 2975 2979 2980
497 2981 2985 2986
498 2987 2991 2992
499 2993 2997 2998
500 2999 3003 3004
501 3005 3009 3010
502 3011 3015 3016
503 3017 3021 3022
504 3023 3027 3028
505 3029 3033 3034
506 3035 3039 3040
507 3041 3045 3046
508 3047 3051 3052
509 3053 3057 3058
510 3059 3063 3064
511 3065 3069 3070
512 3071 3075 3076
513 3077 3081 3082
514 3083 3087 3088
515 3089 3093 3094
516 3095 3099 3100
517 3101 3105 3106
518 3107 3111 3112
519 3113 3117 3118
520 3119 3123 3124
521 3125 3129 3130
522 3131 3135 3136
523 3137 3141 3142
524 3143 3147 3148
525 3149 3153 3154
526 3155 3159 3160
527 3161 3165 3166
528 3167 3171 3172
529 3173 3177 3178
530 3179 3183 3184
531 3185 3189 3190
532 3191 3195 3196
533 3197 3201 3202
534 3203 3207 3208
535 3209 3213 3214
536 3215 3219 3220
537 3221 3225 3226
538 3227 3231 3232
539 3233 3237 3238
540 3239 3243 3244
541 3245 3249 3250
542 3251 3255 3256
543 3257 3261 3262
544 3263 3267 3268
545 3269 3273 3274
546 3275 3279 3280
547 3281 3285 3286
548 3287 3291 3292
549 3293 3297 3298
550 3299 3303 3304
551 3305 3309 3310
552 3311 3315 3316
553 3317 3321 3322
554 3323 3327 3328
555 3329 3333 3334
556 3335 3339 3340
557 3341 3345 3346
558 3347 3351 3352
559 3353 3357 3358
560 3359 3363 3364
561 3365 3369 3370
562 3371 3375 3376
563 3377 3381 3382
564 3383 3387 3388
565 3389 3393 3394
566 3395 3399 3400
567 3401 3405 3406
568 3407 3411 3412
569 3413 3417 3418
570 3419 3423 3424
571 3425 3429 3430
572 3431 3435 3436
573 3437 3441 3442
574 3443 3447 3448
575 3449 3453 3454
576 3455 3459 3460
577 3461 3465 3466
578 3467 3471 3472
579 3473 3477 3478
580 3479 3483 3484
581 3485 3489 3490
582 3491 3495 3496
583 3497 3501 3502
584 3503 3507 3508
585 3509 3513 3514
586 3515 3519 3520
587 3521 3525 3526
588 3527 3531 3532
589 3533 3537 3538
590 3539 3543 3544
591 3545 3549 3550
592 3551 3555 3556
593 3557 3561 3562
594 3563 3567 3568
595 3569 3573 3574
596 3575 3579 3580
597 3581 3585 3586
598 3587 3591 3592
599 3593 3597 3598
600 3599 3603 3604
601 3605 3609 3610
602 3611 3615 3616
603 3617 3621 3622
604 3623 3627 3628
605 3629 3633 3634
606 3635 3639 3640
607 3641 3645 3646
608 3647 3651 3652
609 3653 3657 3658
610 3659 3663 3664
611 3665 3669 3670
612 3671 3675 3676
613 3677 3681 3682
614 3683 3687 3688
615 3689 3693 3694
616 3695 3699 3700
617 3701 3705 3706
618 3707 3711 3712
619 3713 3717 3718
620 3719 3723 3724
621 3725 3729 3730
622 3731 3735 3736
623 3737 3741 3742
624 3743 3747 3748
625 3749 3753 3754
626 3755 3759 3760
627 3761 3765 3766
628 3767 3771 3772
629 3773 3777 3778
630 3779 3783 3784
631 3785 3789 3790
632 3791 3795 3796
633 3797 3801 3802
634 3803 3807 3808
635 3809 3813 3814
636 3815 3819 3820
637 3821 3825 3826
638 3827 3831 3832
639 3833 3837 3838
640 3839 3843 3844
641 3845 3849 3850
642 3851 3855 3856
643 3857 3861 3862
644 3863 3867 3868
645 3869 3873 3874
646 3875 3879 3880
647 3881 3885 3886
648 3887 3891 3892
649 3893 3897 3898
650 3899 3903 3904
651 3905 3909 3910
652 3911 3915 3916
653 3917 3921 3922
654 3923 3927 3928
655 3929 3933 3934
656 3935 3939 3940
657 3941 3945 3946
658 3947 3951 3952
659 3953 3957 3958
660 3959 3963 3964
661 3965 3969 3970
662 3971 3975 3976
663 3977 3981 3982
664 3983 3987 3988
665 3989 3993 3994
666 3995 3999 4000
667 4001 4005 4006
668 4007 4011 4012
669 4013 4017 4018
670 4019 4023 4024
671 4025 4029 4030
672 4031 4035 4036
673 4037 4041 4042
674 4043 4047 4048
675 4049 4053 4054
676 4055 4059 4060
677 4061 4065 4066
678 4067 4071 4072
679 4073 4077 4078
680 4079 4083 4084
681 4085 4089 4090
682 4091 4095 4096
683 4097 4101 4102
684 4103 4107 4108
685 4109 4113 4114
686 4115 4119 4120
687 4121 4125 4126
688 4127 4131 4132
689 4133 4137 4138
690 4139 4143 4144
691 4145 4149 4150
692 4151 4155 4156
693 4157 4161 4162
694 4163 4167 4168
695 4169 4173 4174
696 4175 4179 4180
697 4181 4185 4186
698 4187 4191 4192
699 4193 4197 4198
700 4199 4203 4204
701 4205 4209 4210
702 4211 4215 4216
703 4217 4221 4222
704 4223 4227 4228
705 4229 4233 4234
706 4235 4239 4240
707 4241 4245 4246
708 4247 4251 4252
709 4253 4257 4258
710 4259 4263 4264
711 4265 4269 4270
712 4271 4275 4276
713 4277 4281 4282
714 4283 4287 4288
715 4289 4293 4294
716 4295 4299 4300
717 4301 4305 4306
718 4307 4311 4312
719 4313 4317 4318
720 4319 4323 4324
721 4325 4329 4330
722 4331 4335 4336
723 4337 4341 4342
724 4343 4347 4348
725 4349 4353 4354
726 4355 4359 4360
727 4361 4365 4366
728 4367 4371 4372
729 4373 4377 4378
730 4379 4383 4384
731 4385 4389 4390
732 4391 4395 4396
733 4397 4401 4402
734 4403 4407 4408
735 4409 4413 4414
736 4415 4419 4420
737 4421 4425 4426
738 4427 4431 4432
739 4433 4437 4438
740 4439 4443 4444
741 4445 4449 4450
742 4451 4455 4456
743 4457 4461 4462
744 4463 4467 4468
745 4469 4473 4474
746 4475 4479 4480
747 4481 4485 4486
748 4487 4491 4492
749 4493 4497 4498
750 4499 4503 4504
751 4505 4509 4510
752 4511 4515 4516
753 4517 4521 4522
754 4523 4527 4528
755 4529 4533 4534
756 4535 4539 4540
757 4541 4545 4546
758 4547 4551 4552
759 4553 4557 4558
760 4559 4563 4564
761 4565 4569 4570
762 4571 4575 4576
763 4577 4581 4582
764 4583 4587 4588
765 4589 4593 4594
766 4595 4599 4600
767 4601 4605 4606
768 4607 4611 4612
769 4613 4617 4618
770 4619 4623 4624
771 4625 4629 4630
772 4631 4635 4636
773 4637 4641 4642
774 4643 4647 4648
775 4649 4653 4654
776 4655 4659 4660
777 4661 4665 4666
778 4667 4671 4672
779 4673 4677 4678
780 4679 4683 4684
781 4685 4689 4690
782 4691 4695 4696
783 4697 4701 4702
784 4703 4707 4708
785 4709 4713 4714
786 4715 4719 4720
787 4721 4725 4726
788 4727 4731 4732
789 4733 4737 4738
790 4739 4743 4744
791 4745 4749 4750
792 4751 4755 4756
793 4757 4761 4762
794 4763 4767 4768
795 4769 4773 4774
796 4775 4779 4780
797 4781 4785 4786
798 4787 4791 4792
799 4793 4797 4798
800 4799 4803 4804
801 4805 4809 4810
802 4811 4815 4816
803 4817 4821 4822
804 4823 4827 4828
805 4829 4833 4834
806 4835 4839 4840
807 4841 4845 4846
808 4847 4851 4852
809 4853 4857 4858
810 4859 4863 4864
811 4865 4869 4870
812 4871 4875 4876
813 4877 4881 4882
814 4883 4887 4888
815 4889 4893 4894
816 4895 4899 4900
817 4901 4905 4906
818 4907 4911 4912
819 4913 4917 4918
820 4919 4923 4924
821 4925 4929 4930
822 4931 4935 4936
823 4937 4941 4942
824 4943 4947 4948
825 4949 4953 4954
826 4955 4959 4960
827 4961 4965 4966
828 4967 4971 4972
829 4973 4977 4978
830 4979 4983 4984
831 4985 4989 4990
832 4991 4995 4996
833 4997 5001 5002
834 5003 5007 5008
835 5009 5013 5014
836 5015 5019 5020
837 5021 5025 5026
838 5027 5031 5032
839 5033 5037 5038
840 5039 5043 5044
841 5045 5049 5050
842 5051 5055 5056
843 5057 5061 5062
844 5063 5067 5068
845 5069 5073 5074
846 5075 5079 5080
847 5081 5085 5086
848 5087 5091 5092
849 5093 5097 5098
850 5099 5103 5104
851 5105 5109 5110
852 5111 5115 5116
853 5117 5121 5122
854 5123 5127 5128
855 5129 5133 5134
856 5135 5139 5140
857 5141 5145 5146
858 5147 5151 5152
859 5153 5157 5158
860 5159 5163 5164
861 5165 5169 5170
862 5171 5175 5176
863 5177 5181 5182
864 5183 5187 5188
865 5189 5193 5194
866 5195 5199 5200
867 5201 5205 5206
868 5207 5211 5212
869 5213 5217 5218
870 5219 5223 5224
871 5225 5229 5230
872 5231 5235 5236
873 5237 5241 5242
874 5243 5247 5248
875 5249 5253 5254
876 5255 5259 5260
877 5261 5265 5266
878 5267 5271 5272
879 5273 5277 5278
880 5279 5283 5284
881 5285 5289 5290
882 5291 5295 5296
883 5297 5301 5302
884 5303 5307 5308
885 5309 5313 5314
886 5315 5319 5320
887 5321 5325 5326
888 5327 5331 5332
889 5333 5337 5338
890 5339 5343 5344
891 5345 5349 5350
892 5351 5355 5356
893 5357 5361 5362
894 5363 5367 5368
895 5369 5373 5374
896 5375 5379 5380
897 5381 5385 5386
898 5387 5391 5392
899 5393 5397 5398
900 5399 5403 5404
901 5405 5409 5410
902 5411 5415 5416
903 5417 5421 5422
904 5423 5427 5428
905 5429 5433 5434
906 5435 5439 5440
907 5441 5445 5446
908 5447 5451 5452
909 5453 5457 5458
910 5459 5463 5464
911 5465 5469 5470
912 5471 5475 5476
913 5477 5481 5482
914 5483 5487 5488
915 5489 5493 5494
916 5495 5499 5500
917 5501 5505 5506
918 5507 5511 5512
919 5513 5517 5518
920 5519 5523 5524
921 5525 5529 5530
922 5531 5535 5536
923 5537 5541 5542
924 5543 5547 5548
925 5549 5553 5554
926 5555 5559 5560
927 5561 5565 5566
928 5567 5571 5572
929 5573 5577 5578
930 5579 5583 5584
931 5585 5589 5590
932 5591 5595 5596
933 5597 5601 5602
934 5603 5607 5608
935 5609 5613 5614
936 5615 5619 5620
937 5621 5625 5626
938 5627 5631 5632
939 5633 5637 5638
940 5639 5643 5644
941 5645 5649 5650
942 5651 5655 5656
943 5657 5661 5662
944 5663 5667 5668
945 5669 5673 5674
946 5675 5679 5680
947 5681 5685 5686
948 5687 5691 5692
949 5693 5697 5698
950 5699 5703 5704
951 5705 5709 5710
952 5711 5715 5716
953 5717 5721 5722
954 5723 5727 5728
955 5729 5733 5734
956 5735 5739 5740
957 5741 5745 5746
958 5747 5751 5752
959 5753 5757 5758
960 5759 5763 5764
961 5765 5769 5770
962 5771 5775 5776
963 5777 5781 5782
964 5783 5787 5788
965 5789 5793 5794
966 5795 5799 5800
967 5801 5805 5806
968 5807 5811 5812
969 5813 5817 5818
970 5819 5823 5824
971 5825 5829 5830
972 5831 5835 5836
973 5837 5841 5842
974 5843 5847 5848
975 5849 5853 5854
976 5855 5859 5860
977 5861 5865 5866
978 5867 5871 5872
979 5873 5877 5878
980 5879 5883 5884
981 5885 5889 5890
982 5891 5895 5896
983 5897 5901 5902
984 5903 5907 5908
985 5909 5913 5914
986 5915 5919 5920
987 5921 5925 5926
988 5927 5931 5932
989 5933 5937 5938
990 5939 5943 5944
991 5945 5949 5950
992 5951 5955 5956
993 5957 5961 5962
994 5963 5967 5968
995 5969 5973 5974
996 5975 5979 5980
997 5981 5985 5986
998 5987 5991 5992
999 5993 5997 5998
1000 5999 6003 6004
1001 6005 6009 6010
1002 6011 6015 6016
1003 6017 6021 6022
1004 6023 6027 6028
1005 6029 6033 6034
1006 6035 6039 6040
1007 6041 6045 6046
1008 6047 6051 6052
1009 6053 6057 6058
1010 6059 6063 6064
1011 6065 6069 6070
1012 6071 6075 6076
1013 6077 6081 6082
1014 6083 6087 6088
1015 6089 6093 6094
1016 6095 6099 6100
1017 6101 6105 6106

Register usage:
Reg   0:         0
Reg   1:         2
Reg   2:         1
Reg   3:         0
Reg   4:         0
Reg   5:         0
Reg   6:         0
Reg   7:         0
Reg   8:         0
Reg   9:         0
Reg  10:         0
Reg  11:         0
Reg  12:         0
Reg  13:         0
Reg  14:         0
Reg  15:         0
Reg  16:         0
Reg  17:         0
Reg  18:         0
Reg  19:         0
Reg  20:         0
Reg  21:         0
Reg  22:         0
Reg  23:         0
Reg  24:         0
Reg  25:         0
Reg  26:         0
Reg  27:         0
Reg  28:         0
Reg  29:         0
Reg  30:         0
Reg  31:         0
